Using pre-set license
Built from '2020.3/staging' branch; Version is '2020.3.0f1 (c7b5465681fb) revision 13088070'; Using compiler version '192528614'; Build Type 'Release'
OS: 'Windows 10 Home; OS build 19043.1237; Version 2009; 64bit' Language: 'en' Physical Memory: 16209 MB
BatchMode: 1, IsHumanControllingUs: 0, StartBugReporterOnCrash: 0, Is64bit: 1, IsPro: 0

 COMMAND LINE ARGUMENTS:
C:\Program Files\Unity\Hub\Editor\2020.3.0f1\Editor\Unity.exe
-adb2
-batchMode
-noUpm
-name
AssetImportWorker0
-projectPath
C:/Users/chall/Documents/GitHub/2D-Project/2D-Project
-logFile
Logs/AssetImportWorker0.log
-srvPort
61145
Successfully changed project path to: C:/Users/chall/Documents/GitHub/2D-Project/2D-Project
C:/Users/chall/Documents/GitHub/2D-Project/2D-Project
Using Asset Import Pipeline V2.
Refreshing native plugins compatible for Editor in 33.19 ms, found 1 plugins.
Preloading 0 native plugins for Editor in 0.00 ms.
Initialize engine version: 2020.3.0f1 (c7b5465681fb)
[Subsystems] Discovering subsystems at path C:/Program Files/Unity/Hub/Editor/2020.3.0f1/Editor/Data/Resources/UnitySubsystems
[Subsystems] Discovering subsystems at path C:/Users/chall/Documents/GitHub/2D-Project/2D-Project/Assets
GfxDevice: creating device client; threaded=0
Direct3D:
    Version:  Direct3D 11.0 [level 11.1]
    Renderer: NVIDIA GeForce RTX 2060 SUPER (ID=0x1f06)
    Vendor:   
    VRAM:     8031 MB
    Driver:   27.21.14.6617
Initialize mono
Mono path[0] = 'C:/Program Files/Unity/Hub/Editor/2020.3.0f1/Editor/Data/Managed'
Mono path[1] = 'C:/Program Files/Unity/Hub/Editor/2020.3.0f1/Editor/Data/MonoBleedingEdge/lib/mono/unityjit'
Mono config path = 'C:/Program Files/Unity/Hub/Editor/2020.3.0f1/Editor/Data/MonoBleedingEdge/etc'
Using monoOptions --debugger-agent=transport=dt_socket,embedding=1,server=y,suspend=n,address=127.0.0.1:56096
Begin MonoManager ReloadAssembly
Registering precompiled unity dll's ...
Register platform support module: C:/Program Files/Unity/Hub/Editor/2020.3.0f1/Editor/Data/PlaybackEngines/WindowsStandaloneSupport/UnityEditor.WindowsStandalone.Extensions.dll
Registered in 0.001723 seconds.
Native extension for WindowsStandalone target not found
Refreshing native plugins compatible for Editor in 40.32 ms, found 1 plugins.
Preloading 0 native plugins for Editor in 0.00 ms.
Invoked RoslynAnalysisRunner static constructor.
RoslynAnalysisRunner will not be running.
RoslynAnalysisRunner has terminated.
Mono: successfully reloaded assembly
- Completed reload, in  1.063 seconds
Platform modules already initialized, skipping
Registering precompiled user dll's ...
Registered in 0.002371 seconds.
Begin MonoManager ReloadAssembly
Native extension for WindowsStandalone target not found
Refreshing native plugins compatible for Editor in 57.04 ms, found 1 plugins.
Preloading 0 native plugins for Editor in 0.00 ms.
Invoked RoslynAnalysisRunner static constructor.
RoslynAnalysisRunner will not be running.
RoslynAnalysisRunner has terminated.
Mono: successfully reloaded assembly
- Completed reload, in  1.242 seconds
Platform modules already initialized, skipping
========================================================================
Worker process is ready to serve import requests
Launched and connected shader compiler UnityShaderCompiler.exe after 0.05 seconds
Refreshing native plugins compatible for Editor in 0.36 ms, found 1 plugins.
Preloading 0 native plugins for Editor in 0.00 ms.
Unloading 1809 Unused Serialized files (Serialized files now loaded: 0)
System memory in use before: 84.7 MB.
System memory in use after: 84.7 MB.

Unloading 24 unused Assets to reduce memory usage. Loaded Objects now: 2251.
Total: 3.439300 ms (FindLiveObjects: 0.283800 ms CreateObjectMapping: 0.117800 ms MarkObjects: 2.895700 ms  DeleteObjects: 0.140900 ms)

========================================================================
Received Import Request.
  path: Assets/Scripts/RubyController.cs
  artifactKey: Guid(5304fa7041ffd2c428ae9dc8ea960611) Importer(815301076,1909f56bfc062723c751e8b465ee728b)
Start importing Assets/Scripts/RubyController.cs using Guid(5304fa7041ffd2c428ae9dc8ea960611) Importer(815301076,1909f56bfc062723c751e8b465ee728b)  -> (artifact id: '494a1110bf696f500212b026b6bc6581') in 0.025580 seconds
  Import took 0.028751 seconds .

========================================================================
Received Prepare
Registering precompiled user dll's ...
Registered in 0.000907 seconds.
Begin MonoManager ReloadAssembly
Native extension for WindowsStandalone target not found
Refreshing native plugins compatible for Editor in 0.38 ms, found 1 plugins.
Preloading 0 native plugins for Editor in 0.00 ms.
Invoked RoslynAnalysisRunner static constructor.
RoslynAnalysisRunner will not be running.
RoslynAnalysisRunner has terminated.
Mono: successfully reloaded assembly
- Completed reload, in  0.810 seconds
Platform modules already initialized, skipping
Refreshing native plugins compatible for Editor in 0.33 ms, found 1 plugins.
Preloading 0 native plugins for Editor in 0.00 ms.
Unloading 1804 Unused Serialized files (Serialized files now loaded: 0)
System memory in use before: 84.7 MB.
System memory in use after: 84.7 MB.

Unloading 12 unused Assets to reduce memory usage. Loaded Objects now: 2255.
Total: 2.204300 ms (FindLiveObjects: 0.190600 ms CreateObjectMapping: 0.076400 ms MarkObjects: 1.836100 ms  DeleteObjects: 0.099700 ms)

========================================================================
Received Import Request.
  Time since last request: 680.482296 seconds.
  path: Assets/Scripts/RubyController.cs
  artifactKey: Guid(5304fa7041ffd2c428ae9dc8ea960611) Importer(815301076,1909f56bfc062723c751e8b465ee728b)
Start importing Assets/Scripts/RubyController.cs using Guid(5304fa7041ffd2c428ae9dc8ea960611) Importer(815301076,1909f56bfc062723c751e8b465ee728b)  -> (artifact id: '08ef9a9a49a6893cdf19470035dd4fe7') in 0.004608 seconds
  Import took 0.008646 seconds .

========================================================================
Received Prepare
Registering precompiled user dll's ...
Registered in 0.000922 seconds.
Begin MonoManager ReloadAssembly
Native extension for WindowsStandalone target not found
Refreshing native plugins compatible for Editor in 0.33 ms, found 1 plugins.
Preloading 0 native plugins for Editor in 0.00 ms.
Invoked RoslynAnalysisRunner static constructor.
RoslynAnalysisRunner will not be running.
RoslynAnalysisRunner has terminated.
Mono: successfully reloaded assembly
- Completed reload, in  0.770 seconds
Platform modules already initialized, skipping
Refreshing native plugins compatible for Editor in 0.30 ms, found 1 plugins.
Preloading 0 native plugins for Editor in 0.00 ms.
Unloading 1804 Unused Serialized files (Serialized files now loaded: 0)
System memory in use before: 84.7 MB.
System memory in use after: 84.7 MB.

Unloading 12 unused Assets to reduce memory usage. Loaded Objects now: 2259.
Total: 2.163800 ms (FindLiveObjects: 0.228500 ms CreateObjectMapping: 0.086400 ms MarkObjects: 1.723100 ms  DeleteObjects: 0.124500 ms)

========================================================================
Received Prepare
Registering precompiled user dll's ...
Registered in 0.000848 seconds.
Begin MonoManager ReloadAssembly
Native extension for WindowsStandalone target not found
Refreshing native plugins compatible for Editor in 0.31 ms, found 1 plugins.
Preloading 0 native plugins for Editor in 0.00 ms.
Invoked RoslynAnalysisRunner static constructor.
RoslynAnalysisRunner will not be running.
RoslynAnalysisRunner has terminated.
Mono: successfully reloaded assembly
- Completed reload, in  0.860 seconds
Platform modules already initialized, skipping
Refreshing native plugins compatible for Editor in 0.30 ms, found 1 plugins.
Preloading 0 native plugins for Editor in 0.00 ms.
Unloading 1804 Unused Serialized files (Serialized files now loaded: 0)
System memory in use before: 84.7 MB.
System memory in use after: 84.7 MB.

Unloading 12 unused Assets to reduce memory usage. Loaded Objects now: 2263.
Total: 2.589500 ms (FindLiveObjects: 0.255400 ms CreateObjectMapping: 0.107100 ms MarkObjects: 1.780100 ms  DeleteObjects: 0.445600 ms)

========================================================================
Received Import Request.
  Time since last request: 394.056177 seconds.
  path: Assets/Scripts/RubyController.cs
  artifactKey: Guid(5304fa7041ffd2c428ae9dc8ea960611) Importer(815301076,1909f56bfc062723c751e8b465ee728b)
Start importing Assets/Scripts/RubyController.cs using Guid(5304fa7041ffd2c428ae9dc8ea960611) Importer(815301076,1909f56bfc062723c751e8b465ee728b)  -> (artifact id: 'f91876675fab56afc818bf901d83c263') in 0.004993 seconds
  Import took 0.009617 seconds .

========================================================================
Received Import Request.
  Time since last request: 0.013129 seconds.
  path: Assets/Scripts/RubyController.cs
  artifactKey: Guid(5304fa7041ffd2c428ae9dc8ea960611) Importer(815301076,1909f56bfc062723c751e8b465ee728b)
Start importing Assets/Scripts/RubyController.cs using Guid(5304fa7041ffd2c428ae9dc8ea960611) Importer(815301076,1909f56bfc062723c751e8b465ee728b)  -> (artifact id: 'f91876675fab56afc818bf901d83c263') in 0.003394 seconds
  Import took 0.007171 seconds .

========================================================================
Received Prepare
Registering precompiled user dll's ...
Registered in 0.000974 seconds.
Begin MonoManager ReloadAssembly
Native extension for WindowsStandalone target not found
Refreshing native plugins compatible for Editor in 0.33 ms, found 1 plugins.
Preloading 0 native plugins for Editor in 0.00 ms.
Invoked RoslynAnalysisRunner static constructor.
RoslynAnalysisRunner will not be running.
RoslynAnalysisRunner has terminated.
Mono: successfully reloaded assembly
- Completed reload, in  0.720 seconds
Platform modules already initialized, skipping
Refreshing native plugins compatible for Editor in 0.32 ms, found 1 plugins.
Preloading 0 native plugins for Editor in 0.00 ms.
Unloading 1804 Unused Serialized files (Serialized files now loaded: 0)
System memory in use before: 84.8 MB.
System memory in use after: 84.8 MB.

Unloading 12 unused Assets to reduce memory usage. Loaded Objects now: 2267.
Total: 2.019600 ms (FindLiveObjects: 0.214700 ms CreateObjectMapping: 0.068700 ms MarkObjects: 1.627300 ms  DeleteObjects: 0.108000 ms)

========================================================================
Received Import Request.
  Time since last request: 377.866646 seconds.
  path: Assets/Scripts/RubyController.cs
  artifactKey: Guid(5304fa7041ffd2c428ae9dc8ea960611) Importer(815301076,1909f56bfc062723c751e8b465ee728b)
Start importing Assets/Scripts/RubyController.cs using Guid(5304fa7041ffd2c428ae9dc8ea960611) Importer(815301076,1909f56bfc062723c751e8b465ee728b)  -> (artifact id: '6a0c760a3e83f54cbe7567424ce414d0') in 0.004207 seconds
  Import took 0.006896 seconds .

========================================================================
Received Prepare
Registering precompiled user dll's ...
Registered in 0.000832 seconds.
Begin MonoManager ReloadAssembly
Native extension for WindowsStandalone target not found
Refreshing native plugins compatible for Editor in 0.32 ms, found 1 plugins.
Preloading 0 native plugins for Editor in 0.00 ms.
Invoked RoslynAnalysisRunner static constructor.
RoslynAnalysisRunner will not be running.
RoslynAnalysisRunner has terminated.
Mono: successfully reloaded assembly
- Completed reload, in  0.802 seconds
Platform modules already initialized, skipping
Refreshing native plugins compatible for Editor in 0.31 ms, found 1 plugins.
Preloading 0 native plugins for Editor in 0.00 ms.
Unloading 1804 Unused Serialized files (Serialized files now loaded: 0)
System memory in use before: 84.8 MB.
System memory in use after: 84.8 MB.

Unloading 12 unused Assets to reduce memory usage. Loaded Objects now: 2271.
Total: 6.301300 ms (FindLiveObjects: 0.434000 ms CreateObjectMapping: 0.243800 ms MarkObjects: 5.339500 ms  DeleteObjects: 0.279900 ms)

========================================================================
Received Import Request.
  Time since last request: 108.485977 seconds.
  path: Assets/Scripts/RubyController.cs
  artifactKey: Guid(5304fa7041ffd2c428ae9dc8ea960611) Importer(815301076,1909f56bfc062723c751e8b465ee728b)
Start importing Assets/Scripts/RubyController.cs using Guid(5304fa7041ffd2c428ae9dc8ea960611) Importer(815301076,1909f56bfc062723c751e8b465ee728b)  -> (artifact id: '55df14ba990d2ef8bd49cb169c0c7aed') in 0.003846 seconds
  Import took 0.006330 seconds .

========================================================================
Received Import Request.
  Time since last request: 0.015130 seconds.
  path: Assets/Scripts/RubyController.cs
  artifactKey: Guid(5304fa7041ffd2c428ae9dc8ea960611) Importer(815301076,1909f56bfc062723c751e8b465ee728b)
Start importing Assets/Scripts/RubyController.cs using Guid(5304fa7041ffd2c428ae9dc8ea960611) Importer(815301076,1909f56bfc062723c751e8b465ee728b)  -> (artifact id: '55df14ba990d2ef8bd49cb169c0c7aed') in 0.002936 seconds
  Import took 0.006235 seconds .

========================================================================
Received Prepare
Registering precompiled user dll's ...
Registered in 0.000933 seconds.
Begin MonoManager ReloadAssembly
Native extension for WindowsStandalone target not found
Refreshing native plugins compatible for Editor in 0.35 ms, found 1 plugins.
Preloading 0 native plugins for Editor in 0.00 ms.
Invoked RoslynAnalysisRunner static constructor.
RoslynAnalysisRunner will not be running.
RoslynAnalysisRunner has terminated.
Mono: successfully reloaded assembly
- Completed reload, in  0.823 seconds
Platform modules already initialized, skipping
Refreshing native plugins compatible for Editor in 0.31 ms, found 1 plugins.
Preloading 0 native plugins for Editor in 0.00 ms.
Unloading 1804 Unused Serialized files (Serialized files now loaded: 0)
System memory in use before: 84.8 MB.
System memory in use after: 84.8 MB.

Unloading 12 unused Assets to reduce memory usage. Loaded Objects now: 2275.
Total: 2.386000 ms (FindLiveObjects: 0.186600 ms CreateObjectMapping: 0.069600 ms MarkObjects: 1.974600 ms  DeleteObjects: 0.153500 ms)

========================================================================
Received Prepare
Registering precompiled user dll's ...
Registered in 0.000837 seconds.
Begin MonoManager ReloadAssembly
Native extension for WindowsStandalone target not found
Refreshing native plugins compatible for Editor in 0.32 ms, found 1 plugins.
Preloading 0 native plugins for Editor in 0.00 ms.
Invoked RoslynAnalysisRunner static constructor.
RoslynAnalysisRunner will not be running.
RoslynAnalysisRunner has terminated.
Mono: successfully reloaded assembly
- Completed reload, in  0.728 seconds
Platform modules already initialized, skipping
Refreshing native plugins compatible for Editor in 0.55 ms, found 1 plugins.
Preloading 0 native plugins for Editor in 0.00 ms.
Unloading 1804 Unused Serialized files (Serialized files now loaded: 0)
System memory in use before: 84.8 MB.
System memory in use after: 84.8 MB.

Unloading 12 unused Assets to reduce memory usage. Loaded Objects now: 2279.
Total: 2.029500 ms (FindLiveObjects: 0.190900 ms CreateObjectMapping: 0.094900 ms MarkObjects: 1.628400 ms  DeleteObjects: 0.114100 ms)

========================================================================
Received Prepare
Registering precompiled user dll's ...
Registered in 0.000961 seconds.
Begin MonoManager ReloadAssembly
Native extension for WindowsStandalone target not found
Refreshing native plugins compatible for Editor in 0.31 ms, found 1 plugins.
Preloading 0 native plugins for Editor in 0.00 ms.
Invoked RoslynAnalysisRunner static constructor.
RoslynAnalysisRunner will not be running.
RoslynAnalysisRunner has terminated.
Mono: successfully reloaded assembly
- Completed reload, in  0.794 seconds
Platform modules already initialized, skipping
Refreshing native plugins compatible for Editor in 0.31 ms, found 1 plugins.
Preloading 0 native plugins for Editor in 0.00 ms.
Unloading 1804 Unused Serialized files (Serialized files now loaded: 0)
System memory in use before: 84.8 MB.
System memory in use after: 84.8 MB.

Unloading 12 unused Assets to reduce memory usage. Loaded Objects now: 2283.
Total: 3.144600 ms (FindLiveObjects: 0.230600 ms CreateObjectMapping: 0.080900 ms MarkObjects: 2.703200 ms  DeleteObjects: 0.127900 ms)

========================================================================
Received Prepare
Registering precompiled user dll's ...
Registered in 0.000798 seconds.
Begin MonoManager ReloadAssembly
Native extension for WindowsStandalone target not found
Refreshing native plugins compatible for Editor in 0.32 ms, found 1 plugins.
Preloading 0 native plugins for Editor in 0.00 ms.
Invoked RoslynAnalysisRunner static constructor.
RoslynAnalysisRunner will not be running.
RoslynAnalysisRunner has terminated.
Mono: successfully reloaded assembly
- Completed reload, in  0.782 seconds
Platform modules already initialized, skipping
Refreshing native plugins compatible for Editor in 0.30 ms, found 1 plugins.
Preloading 0 native plugins for Editor in 0.00 ms.
Unloading 1804 Unused Serialized files (Serialized files now loaded: 0)
System memory in use before: 84.8 MB.
System memory in use after: 84.8 MB.

Unloading 12 unused Assets to reduce memory usage. Loaded Objects now: 2287.
Total: 1.861500 ms (FindLiveObjects: 0.165100 ms CreateObjectMapping: 0.061300 ms MarkObjects: 1.529400 ms  DeleteObjects: 0.104400 ms)

========================================================================
Received Prepare
Registering precompiled user dll's ...
Registered in 0.000855 seconds.
Begin MonoManager ReloadAssembly
Native extension for WindowsStandalone target not found
Refreshing native plugins compatible for Editor in 0.32 ms, found 1 plugins.
Preloading 0 native plugins for Editor in 0.00 ms.
Invoked RoslynAnalysisRunner static constructor.
RoslynAnalysisRunner will not be running.
RoslynAnalysisRunner has terminated.
Mono: successfully reloaded assembly
- Completed reload, in  0.755 seconds
Platform modules already initialized, skipping
Refreshing native plugins compatible for Editor in 0.33 ms, found 1 plugins.
Preloading 0 native plugins for Editor in 0.00 ms.
Unloading 1804 Unused Serialized files (Serialized files now loaded: 0)
System memory in use before: 84.8 MB.
System memory in use after: 84.8 MB.

Unloading 12 unused Assets to reduce memory usage. Loaded Objects now: 2291.
Total: 3.309900 ms (FindLiveObjects: 0.299600 ms CreateObjectMapping: 0.088700 ms MarkObjects: 2.785900 ms  DeleteObjects: 0.134100 ms)

========================================================================
Received Prepare
Registering precompiled user dll's ...
Registered in 0.000875 seconds.
Begin MonoManager ReloadAssembly
Native extension for WindowsStandalone target not found
Refreshing native plugins compatible for Editor in 0.48 ms, found 1 plugins.
Preloading 0 native plugins for Editor in 0.00 ms.
Invoked RoslynAnalysisRunner static constructor.
RoslynAnalysisRunner will not be running.
RoslynAnalysisRunner has terminated.
Mono: successfully reloaded assembly
- Completed reload, in  0.712 seconds
Platform modules already initialized, skipping
Refreshing native plugins compatible for Editor in 0.32 ms, found 1 plugins.
Preloading 0 native plugins for Editor in 0.00 ms.
Unloading 1804 Unused Serialized files (Serialized files now loaded: 0)
System memory in use before: 84.8 MB.
System memory in use after: 84.8 MB.

Unloading 12 unused Assets to reduce memory usage. Loaded Objects now: 2295.
Total: 2.280000 ms (FindLiveObjects: 0.315400 ms CreateObjectMapping: 0.204300 ms MarkObjects: 1.645300 ms  DeleteObjects: 0.113800 ms)

AssetImportWorkerClient::OnTransportError - code=2 error=End of file
